<Anthill>

  <WorldMap rowCount="80" colCount="100">
    <Map row="ssssssssssssssssssssssssssssssssssssssssssssssssssssssssssssssssssssssssssssssssssssssssssssssssssss" />
    <Map row="ssssssssssssssssssssssssssssssssssssssssssssssssssssssssssssssssssssssssssssssssssssssssssssssssssss" />
    <Map row="ssssssssssssssssssssssssssssssssssssssssssssssssssssssssssssssssssssssssssssssssssssssssssssssssssss" />
    <Map row="ssssssssssssssssssssssssssssssssssssssssssssssssssssssssssssssssssssssssssssssssssssssssssssssssssss" />
    <Map row="ssssssssssssssssssssssssssssssssssssssssssssssssssssssssssssssssssssssssssssssssssssssssssssssssssss" />
    <Map row="ssssssssssssssssssssssssssssssssssssssssssssssssssssssssssssssssssssssssssssssssssssssssssssssssssss" />
    <Map row="ssssssssssssssssssssssssssssssssssssssssssssssssssssssssssssssssssssssssssssssssssssssssssssssssssss" />
    <Map row="ssssssssssssssssssssssssssssssssssssssssssssssssssssssssssssssssssssssssssssssssssssssssssssssssssss" />
    <Map row="ssssssssssssssssssssssssssssssssssssssssssssssssssssssssssssssssssssssssssssssssssssssssssssssssssss" />
    <Map row="ssssssssssssssssssssssssssssssssssssssssssssssssssssssssssssssssssssssssssssssssssssssssssssssssssss" />
    <Map row="ssssssssssssssssssssssssssssssssssssssssssssssssssssssssssssssssssssssssssssssssssssssssssssssssssss" />
    <Map row="ssssssssssssssssssssssssssssssssssssssssssssssssssssssssssssssssssssssssssssssssssssssssssssssssssss" />
    <Map row="ssssssssssssssssssssssssssssssssssssssssssssssssssssssssssssssssssssssssssssssssssssssssssssssssssss" />
    <Map row="ssssssssssssssssssssssssssssssssssssssssssssssssssssssssssssssssssssssssssssssssssssssssssssssssssss" />
    <Map row="ssssssssssssssssssssssssssssssssssssssssssssssssssssssssssssssssssssssssssssssssssssssssssssssssssss" />
    <Map row="ssssssssssssssssssssssssssssssssssssssssssssssssssssssssssssssssssssssssssssssssssssssssssssssssssss" />
    <Map row="ssssssssssssssssssssssssssssssssssssssssssssssssssssssssssssssssssssssssssssssssssssssssssssssssssss" />
    <Map row="ssssssssssssssssssssssssssssssssssssssssssssssssssssssssssssssssssssssssssssssssssssssssssssssssssss" />

    <Map row="ssssssssssssssssssssssssssssssssssssssssssssssssssssssssssssssssssssssssssssssssssssssssssssssssssss" />
    <Map row="ssssssssssssssssssssssssssssssssssssssssssssssssssssssssssssssssssssssssssssssssssssssssssssssssssss" />
    <Map row="ssssssssssssssssssssssssssssssssssssssssssssssssssssssssssssssssssssssssssssssssssssssssssssssssssss" />
    <Map row="ssssssssssssssssssssssssssssssssssssssssssssssssssssssssssssssssssssssssssssssssssssssssssssssssssss" />
    <Map row="ssssssssssssssssssssssssssssssssssssssssssssssssssssssssssssssssssssssssssssssssssssssssssssssssssss" />
    <Map row="ssssssssssssssssssssssssssssssssssssssssssssssssssssssssssssssssssssssssssssssssssssssssssssssssssss" />
    <Map row="ssssssssssssssssssssssssssssssssssssssssssssssssssssssssssssssssssssssssssssssssssssssssssssssssssss" />
    <Map row="ssssssssssssssssssssssssssssssssssssssssssssssssssssssssssssssssssssssssssssssssssssssssssssssssssss" />
    <Map row="ssssssssssssssssssssssssssssssssssssssssssssssssssssssssssssssssssssssssssssssssssssssssssssssssssss" />
    <Map row="ssssssssssssssssssssssssssssssssssssssssssssssssssssssssssssssssssssssssssssssssssssssssssssssssssss" />

    <Map row="sssssssssssssssssssssssssssssssxxxxxxxxoxxxxxxxxxxxxxxxxxxxxxxxxxxxsssssssssssssssssssssssssssssssss" />
    <Map row="sssssssssssssssssssssssssssssssxxxxxxxxoooooooooooooooooxxxxxxxxxxxsssssssssssssssssssssssssssssssss" />
    <Map row="sssssssssssssssssssssssssssssssxxxxxxxxxxxxxxxxxxoooooooxxxxxxxxxxxsssssssssssssssssssssssssssssssss" />
    <Map row="sssssssssssssssssssssssssssssssxxxxxxxxxxxxxxxxxxoxxxxxxxxxxxxxxxxxsssssssssssssssssssssssssssssssss" />
    <Map row="sssssssssssssssssssssssssssssssxxxxxxxxooooooooooooooooooxxxxxxxxxxsssssssssssssssssssssssssssssssss" />
    <Map row="sssssssssssssssssssssssssssssssxxxxxxxxoxxxxoxxxxxxxxxxxoxxxxxxxxxxsssssssssssssssssssssssssssssssss" />
    <Map row="sssssssssssssssssssssssssssssssxxxxxxxxoxxxxoxxxxxxxxxxxoxxxxxxxxxxsssssssssssssssssssssssssssssssss" />
    <Map row="sssssssssssssssssssssssssssssssxxxxxxxxoxxxxoxxxxxoxxxxxoxxxxxxxxxxsssssssssssssssssssssssssssssssss" />
    <Map row="sssssssssssssssssssssssssssssssxxxxxxxxoxxxxoxxxxoooxxxxoxxxxxxxxxxsssssssssssssssssssssssssssssssss" />
    <Map row="sssssssssssssssssssssssssssssssxxxxxxxxoxxxxoxxxxoooxxxxoxxxxoooooosssssssssssssssssssssssssssssssss" />
    <Map row="sssssssssssssssssssssssssssssssoooooooooxxxxoxxxxoooxxxxoxxxxoxxxxxsssssssssssssssssssssssssssssssss" />
    <Map row="sssssssssssssssssssssssssssssssxxxxxxxxxxxxxoxxxxxoxxxxxoxxxxoxxxxxsssssssssssssssssssssssssssssssss" />
    <Map row="sssssssssssssssssssssssssssssssxxxxxxxxxxxxxoxxxxxoxxxxxoxxxxoxxxxxsssssssssssssssssssssssssssssssss" />
    <Map row="sssssssssssssssssssssssssssssssxxxxxxxxxxxxxoxxxxxoxxxxxoxxxxoxxxxxsssssssssssssssssssssssssssssssss" />
    <Map row="sssssssssssssssssssssssssssssssxxxxxxxxxxxxxoooooooxxxxxoxxxxoxxxxxsssssssssssssssssssssssssssssssss" />
    <Map row="sssssssssssssssssssssssssssssssxxxxxxxxxxxxxxxxxxxxxxxxxooooooxxxxxsssssssssssssssssssssssssssssssss" />
    <Map row="sssssssssssssssssssssssssssssssxxxxxxxxxxxxxxxxxxxxxxxxxoxxxxxxxxxxsssssssssssssssssssssssssssssssss" />
    <Map row="sssssssssssssssssssssssssssssssxxxxxxxxxxooooooooooooooooxxxxxxxxxxsssssssssssssssssssssssssssssssss" />
    <Map row="sssssssssssssssssssssssssssssssxxxxxxxxxxoxxxxxxxxxxxxxxxxxxxxxxxxxsssssssssssssssssssssssssssssssss" />
    <Map row="sssssssssssssssssssssssssssssssxxxxxxxxxxoooooooooooooooooxxxxxxxxxsssssssssssssssssssssssssssssssss" />
    <Map row="sssssssssssssssssssssssssssssssxxxxxxxxxxxxxxxxxxxxxxxxxxoxxxxxxxxxsssssssssssssssssssssssssssssssss" />
    <Map row="sssssssssssssssssssssssssssssssxxxxxxxxxxxxxxxxxxxxxxxxxxoxxxxxxxxxsssssssssssssssssssssssssssssssss" />

    <Map row="ssssssssssssssssssssssssssssssssssssssssssssssssssssssssssssssssssssssssssssssssssssssssssssssssssss" />
    <Map row="ssssssssssssssssssssssssssssssssssssssssssssssssssssssssssssssssssssssssssssssssssssssssssssssssssss" />
    <Map row="ssssssssssssssssssssssssssssssssssssssssssssssssssssssssssssssssssssssssssssssssssssssssssssssssssss" />
    <Map row="ssssssssssssssssssssssssssssssssssssssssssssssssssssssssssssssssssssssssssssssssssssssssssssssssssss" />
    <Map row="ssssssssssssssssssssssssssssssssssssssssssssssssssssssssssssssssssssssssssssssssssssssssssssssssssss" />
    <Map row="ssssssssssssssssssssssssssssssssssssssssssssssssssssssssssssssssssssssssssssssssssssssssssssssssssss" />
    <Map row="ssssssssssssssssssssssssssssssssssssssssssssssssssssssssssssssssssssssssssssssssssssssssssssssssssss" />
    <Map row="ssssssssssssssssssssssssssssssssssssssssssssssssssssssssssssssssssssssssssssssssssssssssssssssssssss" />
    <Map row="ssssssssssssssssssssssssssssssssssssssssssssssssssssssssssssssssssssssssssssssssssssssssssssssssssss" />
    <Map row="ssssssssssssssssssssssssssssssssssssssssssssssssssssssssssssssssssssssssssssssssssssssssssssssssssss" />

    <Map row="ssssssssssssssssssssssssssssssssssssssssssssssssssssssssssssssssssssssssssssssssssssssssssssssssssss" />
    <Map row="ssssssssssssssssssssssssssssssssssssssssssssssssssssssssssssssssssssssssssssssssssssssssssssssssssss" />
    <Map row="ssssssssssssssssssssssssssssssssssssssssssssssssssssssssssssssssssssssssssssssssssssssssssssssssssss" />
    <Map row="ssssssssssssssssssssssssssssssssssssssssssssssssssssssssssssssssssssssssssssssssssssssssssssssssssss" />
    <Map row="ssssssssssssssssssssssssssssssssssssssssssssssssssssssssssssssssssssssssssssssssssssssssssssssssssss" />
    <Map row="ssssssssssssssssssssssssssssssssssssssssssssssssssssssssssssssssssssssssssssssssssssssssssssssssssss" />
    <Map row="ssssssssssssssssssssssssssssssssssssssssssssssssssssssssssssssssssssssssssssssssssssssssssssssssssss" />
    <Map row="ssssssssssssssssssssssssssssssssssssssssssssssssssssssssssssssssssssssssssssssssssssssssssssssssssss" />
    <Map row="ssssssssssssssssssssssssssssssssssssssssssssssssssssssssssssssssssssssssssssssssssssssssssssssssssss" />
    <Map row="ssssssssssssssssssssssssssssssssssssssssssssssssssssssssssssssssssssssssssssssssssssssssssssssssssss" />
    <Map row="ssssssssssssssssssssssssssssssssssssssssssssssssssssssssssssssssssssssssssssssssssssssssssssssssssss" />
    <Map row="ssssssssssssssssssssssssssssssssssssssssssssssssssssssssssssssssssssssssssssssssssssssssssssssssssss" />
    <Map row="ssssssssssssssssssssssssssssssssssssssssssssssssssssssssssssssssssssssssssssssssssssssssssssssssssss" />
    <Map row="ssssssssssssssssssssssssssssssssssssssssssssssssssssssssssssssssssssssssssssssssssssssssssssssssssss" />
    <Map row="ssssssssssssssssssssssssssssssssssssssssssssssssssssssssssssssssssssssssssssssssssssssssssssssssssss" />
    <Map row="ssssssssssssssssssssssssssssssssssssssssssssssssssssssssssssssssssssssssssssssssssssssssssssssssssss" />
    <Map row="ssssssssssssssssssssssssssssssssssssssssssssssssssssssssssssssssssssssssssssssssssssssssssssssssssss" />
    <Map row="ssssssssssssssssssssssssssssssssssssssssssssssssssssssssssssssssssssssssssssssssssssssssssssssssssss" />
    <Map row="ssssssssssssssssssssssssssssssssssssssssssssssssssssssssssssssssssssssssssssssssssssssssssssssssssss" />
    <Map row="ssssssssssssssssssssssssssssssssssssssssssssssssssssssssssssssssssssssssssssssssssssssssssssssssssss" />
  </WorldMap>

  <CreaturesAbilities>
- <Ant maxLife="100" maxLifeWithoutFood="100" turnNumberToBecomeHungry="3" strength="3" forgettingTime="5" sightRadius="3">
- <Citizen>
  <Warrior startCount="0" /> 
  <Worker startCount="0" /> 
  </Citizen>
  <Queen layEggProbability="0.0" xPosition="5" yPosition="6" /> 
  <Egg hatchWarriorProbability="0.2" hatchTime="10" /> 
  </Ant>
  <Spider maxHealth="10" probability="0.5" foodQuantityAfterDeath="5" /> 
  </CreaturesAbilities>
- <EnvironmentCharacteristics>
  <Rain cloudWidth="5" probability="0.1" maxDuration="200" /> 
  <Food probability="0.2" /> 
  <Signal lifeTime="10" radius="3" /> 
  </EnvironmentCharacteristics>
</Anthill>