<Anthill>

<WorldMap rowCount="10" colCount="10">
	<Map row="ssssssssss" />
	<Map row="sxxxxxxxxs" />
	<Map row="sxxxooxxxs" />
	<Map row="sxxooooxxs" />
	<Map row="sxooooooxs" />
	<Map row="sxooooooxs" />
	<Map row="sxxooooxxs" />
	<Map row="sxxxooxxxs" />
	<Map row="sxxxxxxxxs" />
	<Map row="ssssssssss" />
</WorldMap>
<CreaturesAbilities>
- <Ant maxLife="100" maxLifeWithoutFood="40" turnNumberToBecomeHungry="25" strength="3" forgettingTime="5" sightRadius="2">
- <Citizen>
  <Warrior startCount="5" /> 
  <Worker startCount="0" /> 
  </Citizen>
  <Queen layEggProbability="0.3" xPosition="5" yPosition="5" /> 
  <Egg hatchWarriorProbability="0.5" hatchTime="1" /> 
  </Ant>
  <Spider maxHealth="1" probability="0.1" foodQuantityAfterDeath="5" /> 
  </CreaturesAbilities>
- <EnvironmentCharacteristics>
  <Rain cloudWidth="3" probability="0.9" maxDuration="2" /> 
  <Food probability="0.2" />
  <Signal lifeTime="10" radius="1" /> 
  </EnvironmentCharacteristics>
</Anthill>